<?xml version="1.0" encoding="UTF-8"?>
<!-- Generated by org.testng.reporters.JUnitReportReporter -->
<testsuite hostname="PTMTVM15" failures="0" tests="1" name="sampleTestNG.TestSuit.FirstTest" time="0.927" errors="0" timestamp="2024-03-21T15:59:15 IST" skipped="0">
  <testcase classname="sampleTestNG.TestSuit.FirstTest" name="LeaveApplication" time="0.927"/>
</testsuite> <!-- sampleTestNG.TestSuit.FirstTest -->
