<?xml version="1.0" encoding="UTF-8"?>
<!-- Generated by org.testng.reporters.JUnitReportReporter -->
<testsuite hostname="PTMTVM15" failures="0" tests="1" name="sampleTestNG.TestSuit.configurationsetup" time="0.003" errors="0" timestamp="2024-03-21T13:42:14 IST" skipped="0">
  <testcase classname="sampleTestNG.TestSuit.configurationsetup" name="f" time="0.003"/>
</testsuite> <!-- sampleTestNG.TestSuit.configurationsetup -->
