<?xml version="1.0" encoding="UTF-8"?>
<!-- Generated by org.testng.reporters.JUnitReportReporter -->
<testsuite hostname="PTMTVM15" failures="0" tests="3" name="sampleTestNG.TestSuit.PIMmoduleNegativeTestCase" time="32.571" errors="0" timestamp="13 May 2024 04:44:08 GMT">
  <testcase classname="sampleTestNG.TestSuit.PIMmoduleNegativeTestCase" name="AddNewEmployeeWithInvalidData" time="10.846"/>
  <testcase classname="sampleTestNG.TestSuit.PIMmoduleNegativeTestCase" name="AddNewEmployeeWithInvalidData" time="10.921"/>
  <testcase classname="sampleTestNG.TestSuit.PIMmoduleNegativeTestCase" name="AddNewEmployeeWithInvalidData" time="10.804"/>
</testsuite> <!-- sampleTestNG.TestSuit.PIMmoduleNegativeTestCase -->
