<?xml version="1.0" encoding="UTF-8"?>
<!-- Generated by org.testng.reporters.JUnitReportReporter -->
<testsuite hostname="PTMTVM15" failures="0" tests="3" name="sampleTestNG.TestSuits.TestCaseDemo" time="0.011" errors="0" timestamp="2024-03-18T14:44:24 IST" skipped="0">
  <testcase classname="sampleTestNG.TestSuits.TestCaseDemo" name="display" time="0.009"/>
  <testcase classname="sampleTestNG.TestSuits.TestCaseDemo" name="display1" time="0.001"/>
  <testcase classname="sampleTestNG.TestSuits.TestCaseDemo" name="display2" time="0.001"/>
</testsuite> <!-- sampleTestNG.TestSuits.TestCaseDemo -->
