<?xml version="1.0" encoding="UTF-8"?>
<!-- Generated by org.testng.reporters.JUnitReportReporter -->
<testsuite hostname="PTMTVM15" failures="0" tests="1" name="sampleTestNG.TestSuit.PIMmoduleNegativeTestCase" time="0.003" errors="0" timestamp="2024-04-16T17:20:59 IST" skipped="0">
  <testcase classname="sampleTestNG.TestSuit.PIMmoduleNegativeTestCase" name="AddNewEmployeeWithInvalidData" time="0.003"/>
</testsuite> <!-- sampleTestNG.TestSuit.PIMmoduleNegativeTestCase -->
