<?xml version="1.0" encoding="UTF-8"?>
<!-- Generated by org.testng.reporters.JUnitReportReporter -->
<testsuite hostname="PTMTVM15" failures="0" tests="3" name="sampleTestNG.TestSuit.PIMmodule" time="9.241" errors="0" timestamp="2024-04-04T10:47:59 IST" skipped="2">
  <testcase classname="sampleTestNG.TestSuit.PIMmodule" name="EmployeeListTableDataStoring" time="9.241"/>
  <testcase classname="sampleTestNG.TestSuit.PIMmodule" name="EmployeeInfoSearch">
    <skipped/>
  </testcase> <!-- EmployeeInfoSearch -->
  <testcase classname="sampleTestNG.TestSuit.PIMmodule" name="AddNewEmployee">
    <skipped/>
  </testcase> <!-- AddNewEmployee -->
</testsuite> <!-- sampleTestNG.TestSuit.PIMmodule -->
